# JRE version: Java(TM) SE Runtime Environment (14.0.1+7) (build 14.0.1+7)
# Java VM: Java HotSpot(TM) 64-Bit Server VM (14.0.1+7, mixed mode, sharing, tiered, compressed oops, g1 gc, windows-amd64)
Heap:
 garbage-first heap   total 63488K, used 36622K [0x00000000c3200000, 0x0000000100000000)
  region size 1024K, 32 young (32768K), 1 survivors (1024K)
 Metaspace       used 4629K, capacity 7228K, committed 7552K, reserved 1056768K
  class space    used 333K, capacity 607K, committed 640K, reserved 1048576K
GC Heap History (20 events):
Event: 915.050 GC heap before
{Heap before GC invocations=55 (full 0):
 garbage-first heap   total 63488K, used 42019K [0x00000000c3200000, 0x0000000100000000)
  region size 1024K, 37 young (37888K), 1 survivors (1024K)
 Metaspace       used 4629K, capacity 7228K, committed 7552K, reserved 1056768K
  class space    used 333K, capacity 607K, committed 640K, reserved 1048576K
}
Event: 915.053 GC heap after
{Heap after GC invocations=56 (full 0):
 garbage-first heap   total 63488K, used 5253K [0x00000000c3200000, 0x0000000100000000)
  region size 1024K, 1 young (1024K), 1 survivors (1024K)
 Metaspace       used 4629K, capacity 7228K, committed 7552K, reserved 1056768K
  class space    used 333K, capacity 607K, committed 640K, reserved 1048576K
}
Event: 928.447 GC heap before
{Heap before GC invocations=56 (full 0):
 garbage-first heap   total 63488K, used 42117K [0x00000000c3200000, 0x0000000100000000)
  region size 1024K, 37 young (37888K), 1 survivors (1024K)
 Metaspace       used 4629K, capacity 7228K, committed 7552K, reserved 1056768K
  class space    used 333K, capacity 607K, committed 640K, reserved 1048576K
}
Event: 928.450 GC heap after
{Heap after GC invocations=57 (full 0):
 garbage-first heap   total 63488K, used 5312K [0x00000000c3200000, 0x0000000100000000)
  region size 1024K, 1 young (1024K), 1 survivors (1024K)
 Metaspace       used 4629K, capacity 7228K, committed 7552K, reserved 1056768K
  class space    used 333K, capacity 607K, committed 640K, reserved 1048576K
}
Event: 945.730 GC heap before
{Heap before GC invocations=57 (full 0):
 garbage-first heap   total 63488K, used 42176K [0x00000000c3200000, 0x0000000100000000)
  region size 1024K, 37 young (37888K), 1 survivors (1024K)
 Metaspace       used 4629K, capacity 7228K, committed 7552K, reserved 1056768K
  class space    used 333K, capacity 607K, committed 640K, reserved 1048576K
}
Event: 945.737 GC heap after
{Heap after GC invocations=58 (full 0):
 garbage-first heap   total 63488K, used 5413K [0x00000000c3200000, 0x0000000100000000)
  region size 1024K, 1 young (1024K), 1 survivors (1024K)
 Metaspace       used 4629K, capacity 7228K, committed 7552K, reserved 1056768K
  class space    used 333K, capacity 607K, committed 640K, reserved 1048576K
}
Event: 958.524 GC heap before
{Heap before GC invocations=58 (full 0):
 garbage-first heap   total 63488K, used 42277K [0x00000000c3200000, 0x0000000100000000)
  region size 1024K, 37 young (37888K), 1 survivors (1024K)
 Metaspace       used 4629K, capacity 7228K, committed 7552K, reserved 1056768K
  class space    used 333K, capacity 607K, committed 640K, reserved 1048576K
}
Event: 958.528 GC heap after
{Heap after GC invocations=59 (full 0):
 garbage-first heap   total 63488K, used 5472K [0x00000000c3200000, 0x0000000100000000)
  region size 1024K, 1 young (1024K), 1 survivors (1024K)
 Metaspace       used 4629K, capacity 7228K, committed 7552K, reserved 1056768K
  class space    used 333K, capacity 607K, committed 640K, reserved 1048576K
}
Event: 970.721 GC heap before
{Heap before GC invocations=59 (full 0):
 garbage-first heap   total 63488K, used 42336K [0x00000000c3200000, 0x0000000100000000)
  region size 1024K, 37 young (37888K), 1 survivors (1024K)
 Metaspace       used 4629K, capacity 7228K, committed 7552K, reserved 1056768K
  class space    used 333K, capacity 607K, committed 640K, reserved 1048576K
}
Event: 970.725 GC heap after
{Heap after GC invocations=60 (full 0):
 garbage-first heap   total 63488K, used 5450K [0x00000000c3200000, 0x0000000100000000)
  region size 1024K, 1 young (1024K), 1 survivors (1024K)
 Metaspace       used 4629K, capacity 7228K, committed 7552K, reserved 1056768K
  class space    used 333K, capacity 607K, committed 640K, reserved 1048576K
}
Event: 984.515 GC heap before
{Heap before GC invocations=60 (full 0):
 garbage-first heap   total 63488K, used 42314K [0x00000000c3200000, 0x0000000100000000)
  region size 1024K, 37 young (37888K), 1 survivors (1024K)
 Metaspace       used 4629K, capacity 7228K, committed 7552K, reserved 1056768K
  class space    used 333K, capacity 607K, committed 640K, reserved 1048576K
}
Event: 984.532 GC heap after
{Heap after GC invocations=61 (full 0):
 garbage-first heap   total 63488K, used 5712K [0x00000000c3200000, 0x0000000100000000)
  region size 1024K, 2 young (2048K), 2 survivors (2048K)
 Metaspace       used 4629K, capacity 7228K, committed 7552K, reserved 1056768K
  class space    used 333K, capacity 607K, committed 640K, reserved 1048576K
}
Event: 993.432 GC heap before
{Heap before GC invocations=61 (full 0):
 garbage-first heap   total 63488K, used 41552K [0x00000000c3200000, 0x0000000100000000)
  region size 1024K, 37 young (37888K), 2 survivors (2048K)
 Metaspace       used 4629K, capacity 7228K, committed 7552K, reserved 1056768K
  class space    used 333K, capacity 607K, committed 640K, reserved 1048576K
}
Event: 993.435 GC heap after
{Heap after GC invocations=62 (full 0):
 garbage-first heap   total 63488K, used 5729K [0x00000000c3200000, 0x0000000100000000)
  region size 1024K, 1 young (1024K), 1 survivors (1024K)
 Metaspace       used 4629K, capacity 7228K, committed 7552K, reserved 1056768K
  class space    used 333K, capacity 607K, committed 640K, reserved 1048576K
}
Event: 1004.191 GC heap before
{Heap before GC invocations=62 (full 0):
 garbage-first heap   total 63488K, used 42593K [0x00000000c3200000, 0x0000000100000000)
  region size 1024K, 37 young (37888K), 1 survivors (1024K)
 Metaspace       used 4629K, capacity 7228K, committed 7552K, reserved 1056768K
  class space    used 333K, capacity 607K, committed 640K, reserved 1048576K
}
Event: 1004.493 GC heap after
{Heap after GC invocations=63 (full 0):
 garbage-first heap   total 63488K, used 5829K [0x00000000c3200000, 0x0000000100000000)
  region size 1024K, 2 young (2048K), 2 survivors (2048K)
 Metaspace       used 4629K, capacity 7228K, committed 7552K, reserved 1056768K
  class space    used 333K, capacity 607K, committed 640K, reserved 1048576K
}
Event: 1018.187 GC heap before
{Heap before GC invocations=63 (full 0):
 garbage-first heap   total 63488K, used 41669K [0x00000000c3200000, 0x0000000100000000)
  region size 1024K, 37 young (37888K), 2 survivors (2048K)
 Metaspace       used 4629K, capacity 7228K, committed 7552K, reserved 1056768K
  class space    used 333K, capacity 607K, committed 640K, reserved 1048576K
}
Event: 1018.193 GC heap after
{Heap after GC invocations=64 (full 0):
 garbage-first heap   total 63488K, used 5845K [0x00000000c3200000, 0x0000000100000000)
  region size 1024K, 1 young (1024K), 1 survivors (1024K)
 Metaspace       used 4629K, capacity 7228K, committed 7552K, reserved 1056768K
  class space    used 333K, capacity 607K, committed 640K, reserved 1048576K
}
Event: 1027.225 GC heap before
{Heap before GC invocations=64 (full 0):
 garbage-first heap   total 63488K, used 42709K [0x00000000c3200000, 0x0000000100000000)
  region size 1024K, 37 young (37888K), 1 survivors (1024K)
 Metaspace       used 4629K, capacity 7228K, committed 7552K, reserved 1056768K
  class space    used 333K, capacity 607K, committed 640K, reserved 1048576K
}
Event: 1027.228 GC heap after
{Heap after GC invocations=65 (full 0):
 garbage-first heap   total 63488K, used 5902K [0x00000000c3200000, 0x0000000100000000)
  region size 1024K, 1 young (1024K), 1 survivors (1024K)
 Metaspace       used 4629K, capacity 7228K, committed 7552K, reserved 1056768K
  class space    used 333K, capacity 607K, committed 640K, reserved 1048576K
}

